0 info it worked if it ends with ok
1 verbose cli [ '/usr/bin/nodejs',
1 verbose cli   '/usr/bin/npm',
1 verbose cli   'install',
1 verbose cli   '--save-dev',
1 verbose cli   'serverless-chrome/lambda' ]
2 info using npm@3.10.10
3 info using node@v6.11.1
4 silly loadCurrentTree Starting
5 silly install loadCurrentTree
6 silly install readLocalPackageData
7 silly fetchPackageMetaData serverless-chrome/lambda
8 silly fetchOtherPackageData serverless-chrome/lambda
9 silly cache add args [ 'serverless-chrome/lambda', null ]
10 verbose cache add spec serverless-chrome/lambda
11 silly cache add parsed spec Result {
11 silly cache add   raw: 'serverless-chrome/lambda',
11 silly cache add   scope: null,
11 silly cache add   escapedName: null,
11 silly cache add   name: null,
11 silly cache add   rawSpec: 'serverless-chrome/lambda',
11 silly cache add   spec: 'github:serverless-chrome/lambda',
11 silly cache add   type: 'hosted',
11 silly cache add   hosted:
11 silly cache add    { type: 'github',
11 silly cache add      ssh: 'git@github.com:serverless-chrome/lambda.git',
11 silly cache add      sshUrl: 'git+ssh://git@github.com/serverless-chrome/lambda.git',
11 silly cache add      httpsUrl: 'git+https://github.com/serverless-chrome/lambda.git',
11 silly cache add      gitUrl: 'git://github.com/serverless-chrome/lambda.git',
11 silly cache add      shortcut: 'github:serverless-chrome/lambda',
11 silly cache add      directUrl: 'https://raw.githubusercontent.com/serverless-chrome/lambda/master/package.json' } }
12 verbose addRemoteGit caching serverless-chrome/lambda
13 verbose addRemoteGit serverless-chrome/lambda is a repository hosted by github
14 silly tryGitProto attempting to clone git://github.com/serverless-chrome/lambda.git
15 silly tryClone cloning serverless-chrome/lambda via git://github.com/serverless-chrome/lambda.git
16 verbose tryClone git-github-com-serverless-chrome-lambda-git-6560304a not in flight; caching
17 verbose correctMkdir /home/momer/.npm/_git-remotes correctMkdir not in flight; initializing
18 verbose makeDirectory /home/momer/.npm/_git-remotes creation not in flight; initializing
19 silly makeDirectory /home/momer/.npm/_git-remotes uid: 1000 gid: 1000
20 info git [ 'clone',
20 info git   '--template=/home/momer/.npm/_git-remotes/_templates',
20 info git   '--mirror',
20 info git   'git://github.com/serverless-chrome/lambda.git',
20 info git   '/home/momer/.npm/_git-remotes/git-github-com-serverless-chrome-lambda-git-6560304a' ]
21 verbose git clone --template=/home/momer/.npm/_git-remotes/_templates --mirror git://github.com/serverless-chrome/lambda.git /home/momer/.npm/_git-remotes/git-github-com-serverless-chrome-lambda-git-6560304a: Cloning into bare repository '/home/momer/.npm/_git-remotes/git-github-com-serverless-chrome-lambda-git-6560304a'...
21 verbose git clone --template=/home/momer/.npm/_git-remotes/_templates --mirror git://github.com/serverless-chrome/lambda.git /home/momer/.npm/_git-remotes/git-github-com-serverless-chrome-lambda-git-6560304a: fatal: remote error:
21 verbose git clone --template=/home/momer/.npm/_git-remotes/_templates --mirror git://github.com/serverless-chrome/lambda.git /home/momer/.npm/_git-remotes/git-github-com-serverless-chrome-lambda-git-6560304a:   Repository not found.
22 silly tryHTTPS attempting to clone git+https://github.com/serverless-chrome/lambda.git
23 silly tryClone cloning serverless-chrome/lambda via git+https://github.com/serverless-chrome/lambda.git
24 verbose tryClone git-https-github-com-serverless-chrome-lambda-git-ddf18ed6 not in flight; caching
25 verbose correctMkdir /home/momer/.npm/_git-remotes correctMkdir not in flight; initializing
26 info git [ 'clone',
26 info git   '--template=/home/momer/.npm/_git-remotes/_templates',
26 info git   '--mirror',
26 info git   'https://github.com/serverless-chrome/lambda.git',
26 info git   '/home/momer/.npm/_git-remotes/git-https-github-com-serverless-chrome-lambda-git-ddf18ed6' ]
27 verbose git clone --template=/home/momer/.npm/_git-remotes/_templates --mirror https://github.com/serverless-chrome/lambda.git /home/momer/.npm/_git-remotes/git-https-github-com-serverless-chrome-lambda-git-ddf18ed6: Cloning into bare repository '/home/momer/.npm/_git-remotes/git-https-github-com-serverless-chrome-lambda-git-ddf18ed6'...
27 verbose git clone --template=/home/momer/.npm/_git-remotes/_templates --mirror https://github.com/serverless-chrome/lambda.git /home/momer/.npm/_git-remotes/git-https-github-com-serverless-chrome-lambda-git-ddf18ed6: remote: Invalid username or password.
27 verbose git clone --template=/home/momer/.npm/_git-remotes/_templates --mirror https://github.com/serverless-chrome/lambda.git /home/momer/.npm/_git-remotes/git-https-github-com-serverless-chrome-lambda-git-ddf18ed6: fatal: Authentication failed for 'https://github.com/serverless-chrome/lambda.git/'
28 silly trySSH attempting to clone git@github.com:serverless-chrome/lambda.git
29 silly tryClone cloning serverless-chrome/lambda via git@github.com:serverless-chrome/lambda.git
30 verbose tryClone git-github-com-serverless-chrome-lambda-git-e3dba29b not in flight; caching
31 verbose correctMkdir /home/momer/.npm/_git-remotes correctMkdir not in flight; initializing
32 info git [ 'clone',
32 info git   '--template=/home/momer/.npm/_git-remotes/_templates',
32 info git   '--mirror',
32 info git   'git@github.com:serverless-chrome/lambda.git',
32 info git   '/home/momer/.npm/_git-remotes/git-github-com-serverless-chrome-lambda-git-e3dba29b' ]
33 error git clone --template=/home/momer/.npm/_git-remotes/_templates --mirror git@github.com:serverless-chrome/lambda.git /home/momer/.npm/_git-remotes/git-github-com-serverless-chrome-lambda-git-e3dba29b: Cloning into bare repository '/home/momer/.npm/_git-remotes/git-github-com-serverless-chrome-lambda-git-e3dba29b'...
33 error git clone --template=/home/momer/.npm/_git-remotes/_templates --mirror git@github.com:serverless-chrome/lambda.git /home/momer/.npm/_git-remotes/git-github-com-serverless-chrome-lambda-git-e3dba29b: ERROR: Repository not found.
33 error git clone --template=/home/momer/.npm/_git-remotes/_templates --mirror git@github.com:serverless-chrome/lambda.git /home/momer/.npm/_git-remotes/git-github-com-serverless-chrome-lambda-git-e3dba29b: fatal: Could not read from remote repository.
33 error git clone --template=/home/momer/.npm/_git-remotes/_templates --mirror git@github.com:serverless-chrome/lambda.git /home/momer/.npm/_git-remotes/git-github-com-serverless-chrome-lambda-git-e3dba29b:
33 error git clone --template=/home/momer/.npm/_git-remotes/_templates --mirror git@github.com:serverless-chrome/lambda.git /home/momer/.npm/_git-remotes/git-github-com-serverless-chrome-lambda-git-e3dba29b: Please make sure you have the correct access rights
33 error git clone --template=/home/momer/.npm/_git-remotes/_templates --mirror git@github.com:serverless-chrome/lambda.git /home/momer/.npm/_git-remotes/git-github-com-serverless-chrome-lambda-git-e3dba29b: and the repository exists.
34 silly fetchPackageMetaData Error: Command failed: git clone --template=/home/momer/.npm/_git-remotes/_templates --mirror git@github.com:serverless-chrome/lambda.git /home/momer/.npm/_git-remotes/git-github-com-serverless-chrome-lambda-git-e3dba29b
34 silly fetchPackageMetaData Cloning into bare repository '/home/momer/.npm/_git-remotes/git-github-com-serverless-chrome-lambda-git-e3dba29b'...
34 silly fetchPackageMetaData ERROR: Repository not found.
34 silly fetchPackageMetaData fatal: Could not read from remote repository.
34 silly fetchPackageMetaData
34 silly fetchPackageMetaData Please make sure you have the correct access rights
34 silly fetchPackageMetaData and the repository exists.
34 silly fetchPackageMetaData
34 silly fetchPackageMetaData     at ChildProcess.exithandler (child_process.js:204:12)
34 silly fetchPackageMetaData     at emitTwo (events.js:106:13)
34 silly fetchPackageMetaData     at ChildProcess.emit (events.js:191:7)
34 silly fetchPackageMetaData     at maybeClose (internal/child_process.js:891:16)
34 silly fetchPackageMetaData     at Process.ChildProcess._handle.onexit (internal/child_process.js:226:5)
34 silly fetchPackageMetaData  error for serverless-chrome/lambda { Error: Command failed: git clone --template=/home/momer/.npm/_git-remotes/_templates --mirror git@github.com:serverless-chrome/lambda.git /home/momer/.npm/_git-remotes/git-github-com-serverless-chrome-lambda-git-e3dba29b
34 silly fetchPackageMetaData Cloning into bare repository '/home/momer/.npm/_git-remotes/git-github-com-serverless-chrome-lambda-git-e3dba29b'...
34 silly fetchPackageMetaData ERROR: Repository not found.
34 silly fetchPackageMetaData fatal: Could not read from remote repository.
34 silly fetchPackageMetaData
34 silly fetchPackageMetaData Please make sure you have the correct access rights
34 silly fetchPackageMetaData and the repository exists.
34 silly fetchPackageMetaData
34 silly fetchPackageMetaData     at ChildProcess.exithandler (child_process.js:204:12)
34 silly fetchPackageMetaData     at emitTwo (events.js:106:13)
34 silly fetchPackageMetaData     at ChildProcess.emit (events.js:191:7)
34 silly fetchPackageMetaData     at maybeClose (internal/child_process.js:891:16)
34 silly fetchPackageMetaData     at Process.ChildProcess._handle.onexit (internal/child_process.js:226:5)
34 silly fetchPackageMetaData   killed: false,
34 silly fetchPackageMetaData   code: 128,
34 silly fetchPackageMetaData   signal: null,
34 silly fetchPackageMetaData   cmd: 'git clone --template=/home/momer/.npm/_git-remotes/_templates --mirror git@github.com:serverless-chrome/lambda.git /home/momer/.npm/_git-remotes/git-github-com-serverless-chrome-lambda-git-e3dba29b' }
35 silly rollbackFailedOptional Starting
36 silly rollbackFailedOptional Finishing
37 silly runTopLevelLifecycles Finishing
38 silly install printInstalled
39 verbose stack Error: Command failed: git clone --template=/home/momer/.npm/_git-remotes/_templates --mirror git@github.com:serverless-chrome/lambda.git /home/momer/.npm/_git-remotes/git-github-com-serverless-chrome-lambda-git-e3dba29b
39 verbose stack Cloning into bare repository '/home/momer/.npm/_git-remotes/git-github-com-serverless-chrome-lambda-git-e3dba29b'...
39 verbose stack ERROR: Repository not found.
39 verbose stack fatal: Could not read from remote repository.
39 verbose stack
39 verbose stack Please make sure you have the correct access rights
39 verbose stack and the repository exists.
39 verbose stack
39 verbose stack     at ChildProcess.exithandler (child_process.js:204:12)
39 verbose stack     at emitTwo (events.js:106:13)
39 verbose stack     at ChildProcess.emit (events.js:191:7)
39 verbose stack     at maybeClose (internal/child_process.js:891:16)
39 verbose stack     at Process.ChildProcess._handle.onexit (internal/child_process.js:226:5)
40 verbose cwd /home/momer/aws
41 error Linux 4.4.0-31-generic
42 error argv "/usr/bin/nodejs" "/usr/bin/npm" "install" "--save-dev" "serverless-chrome/lambda"
43 error node v6.11.1
44 error npm  v3.10.10
45 error code 128
46 error Command failed: git clone --template=/home/momer/.npm/_git-remotes/_templates --mirror git@github.com:serverless-chrome/lambda.git /home/momer/.npm/_git-remotes/git-github-com-serverless-chrome-lambda-git-e3dba29b
46 error Cloning into bare repository '/home/momer/.npm/_git-remotes/git-github-com-serverless-chrome-lambda-git-e3dba29b'...
46 error ERROR: Repository not found.
46 error fatal: Could not read from remote repository.
46 error
46 error Please make sure you have the correct access rights
46 error and the repository exists.
47 error If you need help, you may report this error at:
47 error     <https://github.com/npm/npm/issues>
48 verbose exit [ 1, true ]
